<?xml version="1.0" encoding="UTF-8"?>
<testsuites>
  <testsuite name="/app/phpunit.xml" tests="101" assertions="244" errors="11" failures="0" skipped="0" time="6.288822">
    <testsuite name="integration" tests="101" assertions="244" errors="11" failures="0" skipped="0" time="6.288822">
      <testsuite name="OpenFGA\Laravel\Tests\Integration\BasicIntegrationTest" file="Basic Integration (OpenFGA\Laravel\Tests\Integration\BasicIntegration)" tests="1" assertions="1" errors="0" failures="0" skipped="0" time="0.134603">
        <testcase name="Can connect to openfga" file="Basic Integration (OpenFGA\Laravel\Tests\Integration\BasicIntegration)::Can connect to openfga" class="OpenFGA\Laravel\Tests\Integration\BasicIntegrationTest" classname="OpenFGA.Laravel.Tests.Integration.BasicIntegrationTest" assertions="1" time="0.134603"/>
      </testsuite>
      <testsuite name="OpenFGA\Laravel\Tests\Integration\ImportExportTest" file="Import Export (OpenFGA\Laravel\Tests\Integration\ImportExport)" tests="9" assertions="27" errors="0" failures="0" skipped="0" time="3.936981">
        <testcase name="Export command" file="Import Export (OpenFGA\Laravel\Tests\Integration\ImportExport)::Export command" class="OpenFGA\Laravel\Tests\Integration\ImportExportTest" classname="OpenFGA.Laravel.Tests.Integration.ImportExportTest" assertions="3" time="0.118638"/>
        <testcase name="Export to csv" file="Import Export (OpenFGA\Laravel\Tests\Integration\ImportExport)::Export to csv" class="OpenFGA\Laravel\Tests\Integration\ImportExportTest" classname="OpenFGA.Laravel.Tests.Integration.ImportExportTest" assertions="3" time="0.022261"/>
        <testcase name="Export to json" file="Import Export (OpenFGA\Laravel\Tests\Integration\ImportExport)::Export to json" class="OpenFGA\Laravel\Tests\Integration\ImportExportTest" classname="OpenFGA.Laravel.Tests.Integration.ImportExportTest" assertions="5" time="0.021285"/>
        <testcase name="Import command" file="Import Export (OpenFGA\Laravel\Tests\Integration\ImportExport)::Import command" class="OpenFGA\Laravel\Tests\Integration\ImportExportTest" classname="OpenFGA.Laravel.Tests.Integration.ImportExportTest" assertions="3" time="0.741756"/>
        <testcase name="Import command file not found" file="Import Export (OpenFGA\Laravel\Tests\Integration\ImportExport)::Import command file not found" class="OpenFGA\Laravel\Tests\Integration\ImportExportTest" classname="OpenFGA.Laravel.Tests.Integration.ImportExportTest" assertions="2" time="0.030284"/>
        <testcase name="Import dry run" file="Import Export (OpenFGA\Laravel\Tests\Integration\ImportExport)::Import dry run" class="OpenFGA\Laravel\Tests\Integration\ImportExportTest" classname="OpenFGA.Laravel.Tests.Integration.ImportExportTest" assertions="3" time="0.769986"/>
        <testcase name="Import from csv" file="Import Export (OpenFGA\Laravel\Tests\Integration\ImportExport)::Import from csv" class="OpenFGA\Laravel\Tests\Integration\ImportExportTest" classname="OpenFGA.Laravel.Tests.Integration.ImportExportTest" assertions="2" time="0.712905"/>
        <testcase name="Import from json" file="Import Export (OpenFGA\Laravel\Tests\Integration\ImportExport)::Import from json" class="OpenFGA\Laravel\Tests\Integration\ImportExportTest" classname="OpenFGA.Laravel.Tests.Integration.ImportExportTest" assertions="3" time="0.757474"/>
        <testcase name="Import with validation errors" file="Import Export (OpenFGA\Laravel\Tests\Integration\ImportExport)::Import with validation errors" class="OpenFGA\Laravel\Tests\Integration\ImportExportTest" classname="OpenFGA.Laravel.Tests.Integration.ImportExportTest" assertions="3" time="0.762393"/>
      </testsuite>
      <testsuite name="OpenFGA\Laravel\Tests\Integration\MockScenarioTest" file="Mock Scenario (OpenFGA\Laravel\Tests\Integration\MockScenario)" tests="13" assertions="67" errors="0" failures="0" skipped="0" time="0.298263">
        <testcase name="Api access control scenario" file="Mock Scenario (OpenFGA\Laravel\Tests\Integration\MockScenario)::Api access control scenario" class="OpenFGA\Laravel\Tests\Integration\MockScenarioTest" classname="OpenFGA.Laravel.Tests.Integration.MockScenarioTest" assertions="8" time="0.037668"/>
        <testcase name="Basic user document scenario" file="Mock Scenario (OpenFGA\Laravel\Tests\Integration\MockScenario)::Basic user document scenario" class="OpenFGA\Laravel\Tests\Integration\MockScenarioTest" classname="OpenFGA.Laravel.Tests.Integration.MockScenarioTest" assertions="9" time="0.022119"/>
        <testcase name="Collaborative editing scenario" file="Mock Scenario (OpenFGA\Laravel\Tests\Integration\MockScenario)::Collaborative editing scenario" class="OpenFGA\Laravel\Tests\Integration\MockScenarioTest" classname="OpenFGA.Laravel.Tests.Integration.MockScenarioTest" assertions="6" time="0.020165"/>
        <testcase name="Combining scenarios" file="Mock Scenario (OpenFGA\Laravel\Tests\Integration\MockScenario)::Combining scenarios" class="OpenFGA\Laravel\Tests\Integration\MockScenarioTest" classname="OpenFGA.Laravel.Tests.Integration.MockScenarioTest" assertions="2" time="0.019977"/>
        <testcase name="Content moderation scenario" file="Mock Scenario (OpenFGA\Laravel\Tests\Integration\MockScenario)::Content moderation scenario" class="OpenFGA\Laravel\Tests\Integration\MockScenarioTest" classname="OpenFGA.Laravel.Tests.Integration.MockScenarioTest" assertions="7" time="0.019284"/>
        <testcase name="Custom scenario" file="Mock Scenario (OpenFGA\Laravel\Tests\Integration\MockScenario)::Custom scenario" class="OpenFGA\Laravel\Tests\Integration\MockScenarioTest" classname="OpenFGA.Laravel.Tests.Integration.MockScenarioTest" assertions="3" time="0.023068"/>
        <testcase name="Extending scenario dynamically" file="Mock Scenario (OpenFGA\Laravel\Tests\Integration\MockScenario)::Extending scenario dynamically" class="OpenFGA\Laravel\Tests\Integration\MockScenarioTest" classname="OpenFGA.Laravel.Tests.Integration.MockScenarioTest" assertions="4" time="0.022022"/>
        <testcase name="File system scenario" file="Mock Scenario (OpenFGA\Laravel\Tests\Integration\MockScenario)::File system scenario" class="OpenFGA\Laravel\Tests\Integration\MockScenarioTest" classname="OpenFGA.Laravel.Tests.Integration.MockScenarioTest" assertions="7" time="0.021612"/>
        <testcase name="Multi tenant scenario" file="Mock Scenario (OpenFGA\Laravel\Tests\Integration\MockScenario)::Multi tenant scenario" class="OpenFGA\Laravel\Tests\Integration\MockScenarioTest" classname="OpenFGA.Laravel.Tests.Integration.MockScenarioTest" assertions="4" time="0.022974"/>
        <testcase name="Organization hierarchy scenario" file="Mock Scenario (OpenFGA\Laravel\Tests\Integration\MockScenario)::Organization hierarchy scenario" class="OpenFGA\Laravel\Tests\Integration\MockScenarioTest" classname="OpenFGA.Laravel.Tests.Integration.MockScenarioTest" assertions="6" time="0.021782"/>
        <testcase name="Scenario with additional permissions" file="Mock Scenario (OpenFGA\Laravel\Tests\Integration\MockScenario)::Scenario with additional permissions" class="OpenFGA\Laravel\Tests\Integration\MockScenarioTest" classname="OpenFGA.Laravel.Tests.Integration.MockScenarioTest" assertions="3" time="0.022163"/>
        <testcase name="Scenario with failures" file="Mock Scenario (OpenFGA\Laravel\Tests\Integration\MockScenario)::Scenario with failures" class="OpenFGA\Laravel\Tests\Integration\MockScenarioTest" classname="OpenFGA.Laravel.Tests.Integration.MockScenarioTest" assertions="3" time="0.021746"/>
        <testcase name="Workflow approval scenario" file="Mock Scenario (OpenFGA\Laravel\Tests\Integration\MockScenario)::Workflow approval scenario" class="OpenFGA\Laravel\Tests\Integration\MockScenarioTest" classname="OpenFGA.Laravel.Tests.Integration.MockScenarioTest" assertions="5" time="0.023683"/>
      </testsuite>
      <testsuite name="OpenFGA\Laravel\Tests\Integration\ModelCommandsTest" file="Model Commands (OpenFGA\Laravel\Tests\Integration\ModelCommands)" tests="11" assertions="37" errors="0" failures="0" skipped="0" time="0.291597">
        <testcase name="Model create command fails without force when file exists" file="Model Commands (OpenFGA\Laravel\Tests\Integration\ModelCommands)::Model create command fails without force when file exists" class="OpenFGA\Laravel\Tests\Integration\ModelCommandsTest" classname="OpenFGA.Laravel.Tests.Integration.ModelCommandsTest" assertions="2" time="0.034622"/>
        <testcase name="Model create command interactive" file="Model Commands (OpenFGA\Laravel\Tests\Integration\ModelCommands)::Model create command interactive" class="OpenFGA\Laravel\Tests\Integration\ModelCommandsTest" classname="OpenFGA.Laravel.Tests.Integration.ModelCommandsTest" assertions="6" time="0.031065"/>
        <testcase name="Model create command overwrites with force" file="Model Commands (OpenFGA\Laravel\Tests\Integration\ModelCommands)::Model create command overwrites with force" class="OpenFGA\Laravel\Tests\Integration\ModelCommandsTest" classname="OpenFGA.Laravel.Tests.Integration.ModelCommandsTest" assertions="4" time="0.033018"/>
        <testcase name="Model create command with file" file="Model Commands (OpenFGA\Laravel\Tests\Integration\ModelCommands)::Model create command with file" class="OpenFGA\Laravel\Tests\Integration\ModelCommandsTest" classname="OpenFGA.Laravel.Tests.Integration.ModelCommandsTest" assertions="3" time="0.022030"/>
        <testcase name="Model create command with organization template" file="Model Commands (OpenFGA\Laravel\Tests\Integration\ModelCommands)::Model create command with organization template" class="OpenFGA\Laravel\Tests\Integration\ModelCommandsTest" classname="OpenFGA.Laravel.Tests.Integration.ModelCommandsTest" assertions="5" time="0.021797"/>
        <testcase name="Model create command with template" file="Model Commands (OpenFGA\Laravel\Tests\Integration\ModelCommands)::Model create command with template" class="OpenFGA\Laravel\Tests\Integration\ModelCommandsTest" classname="OpenFGA.Laravel.Tests.Integration.ModelCommandsTest" assertions="8" time="0.022570"/>
        <testcase name="Model validate command with invalid dsl" file="Model Commands (OpenFGA\Laravel\Tests\Integration\ModelCommands)::Model validate command with invalid dsl" class="OpenFGA\Laravel\Tests\Integration\ModelCommandsTest" classname="OpenFGA.Laravel.Tests.Integration.ModelCommandsTest" assertions="1" time="0.028383"/>
        <testcase name="Model validate command with json output" file="Model Commands (OpenFGA\Laravel\Tests\Integration\ModelCommands)::Model validate command with json output" class="OpenFGA\Laravel\Tests\Integration\ModelCommandsTest" classname="OpenFGA.Laravel.Tests.Integration.ModelCommandsTest" assertions="2" time="0.025230"/>
        <testcase name="Model validate command with nonexistent file" file="Model Commands (OpenFGA\Laravel\Tests\Integration\ModelCommands)::Model validate command with nonexistent file" class="OpenFGA\Laravel\Tests\Integration\ModelCommandsTest" classname="OpenFGA.Laravel.Tests.Integration.ModelCommandsTest" assertions="2" time="0.023212"/>
        <testcase name="Model validate command with valid dsl" file="Model Commands (OpenFGA\Laravel\Tests\Integration\ModelCommands)::Model validate command with valid dsl" class="OpenFGA\Laravel\Tests\Integration\ModelCommandsTest" classname="OpenFGA.Laravel.Tests.Integration.ModelCommandsTest" assertions="2" time="0.023262"/>
        <testcase name="Model validate command without file" file="Model Commands (OpenFGA\Laravel\Tests\Integration\ModelCommands)::Model validate command without file" class="OpenFGA\Laravel\Tests\Integration\ModelCommandsTest" classname="OpenFGA.Laravel.Tests.Integration.ModelCommandsTest" assertions="2" time="0.026406"/>
      </testsuite>
      <testsuite name="OpenFGA\Laravel\Tests\Integration\OpenFgaIntegrationTest" file="Open Fga Integration (OpenFGA\Laravel\Tests\Integration\OpenFgaIntegration)" tests="11" assertions="0" errors="11" failures="0" skipped="0" time="0.164672">
        <testcase name="Basic permission check" file="Open Fga Integration (OpenFGA\Laravel\Tests\Integration\OpenFgaIntegration)::Basic permission check" class="OpenFGA\Laravel\Tests\Integration\OpenFgaIntegrationTest" classname="OpenFGA.Laravel.Tests.Integration.OpenFgaIntegrationTest" assertions="0" time="0.057255">
          <error type="TypeError">Basic permission checkTypeError: OpenFGA\Client::check(): Argument #3 ($tuple) must be of type OpenFGA\Models\TupleKeyInterface, string given, called in /app/tests/Integration/OpenFgaIntegrationTest.php on line 42
at vendor/evansims/openfga-php/src/Client.php:145
at tests/Integration/OpenFgaIntegrationTest.php:42
at src/Testing/IntegrationTestCase.php:595
at tests/Integration/OpenFgaIntegrationTest.php:36</error>
        </testcase>
        <testcase name="Batch write performance" file="Open Fga Integration (OpenFGA\Laravel\Tests\Integration\OpenFgaIntegration)::Batch write performance" class="OpenFGA\Laravel\Tests\Integration\OpenFgaIntegrationTest" classname="OpenFGA.Laravel.Tests.Integration.OpenFgaIntegrationTest" assertions="0" time="0.010324">
          <error type="RuntimeException">Batch write performanceRuntimeException: Store ID or Model ID is not set
at src/Testing/IntegrationTestCase.php:456
at src/Testing/IntegrationTestHelpers.php:260
at src/Testing/IntegrationTestCase.php:546
at src/Testing/IntegrationTestHelpers.php:259
at tests/Integration/OpenFgaIntegrationTest.php:67
at src/Testing/IntegrationTestCase.php:595
at tests/Integration/OpenFgaIntegrationTest.php:55</error>
        </testcase>
        <testcase name="Complex hierarchy" file="Open Fga Integration (OpenFGA\Laravel\Tests\Integration\OpenFgaIntegration)::Complex hierarchy" class="OpenFGA\Laravel\Tests\Integration\OpenFgaIntegrationTest" classname="OpenFGA.Laravel.Tests.Integration.OpenFgaIntegrationTest" assertions="0" time="0.010313">
          <error type="RuntimeException">Complex hierarchyRuntimeException: Store ID or Model ID is not set
at src/Testing/IntegrationTestCase.php:456
at src/Testing/IntegrationTestHelpers.php:246
at tests/Integration/OpenFgaIntegrationTest.php:102
at src/Testing/IntegrationTestCase.php:595
at tests/Integration/OpenFgaIntegrationTest.php:82</error>
        </testcase>
        <testcase name="Concurrent operations" file="Open Fga Integration (OpenFGA\Laravel\Tests\Integration\OpenFgaIntegration)::Concurrent operations" class="OpenFGA\Laravel\Tests\Integration\OpenFgaIntegrationTest" classname="OpenFGA.Laravel.Tests.Integration.OpenFgaIntegrationTest" assertions="0" time="0.010064">
          <error type="RuntimeException">Concurrent operationsRuntimeException: Store ID or Model ID is not set
at src/Testing/IntegrationTestCase.php:426
at src/Testing/IntegrationTestHelpers.php:282
at tests/Integration/OpenFgaIntegrationTest.php:151
at src/Testing/IntegrationTestCase.php:595
at tests/Integration/OpenFgaIntegrationTest.php:137</error>
        </testcase>
        <testcase name="Contextual tuples" file="Open Fga Integration (OpenFGA\Laravel\Tests\Integration\OpenFgaIntegration)::Contextual tuples" class="OpenFGA\Laravel\Tests\Integration\OpenFgaIntegrationTest" classname="OpenFGA.Laravel.Tests.Integration.OpenFgaIntegrationTest" assertions="0" time="0.010135">
          <error type="TypeError">Contextual tuplesTypeError: OpenFGA\Client::check(): Argument #3 ($tuple) must be of type OpenFGA\Models\TupleKeyInterface, string given, called in /app/tests/Integration/OpenFgaIntegrationTest.php on line 164
at vendor/evansims/openfga-php/src/Client.php:145
at tests/Integration/OpenFgaIntegrationTest.php:164
at src/Testing/IntegrationTestCase.php:595
at tests/Integration/OpenFgaIntegrationTest.php:157</error>
        </testcase>
        <testcase name="List operations" file="Open Fga Integration (OpenFGA\Laravel\Tests\Integration\OpenFgaIntegration)::List operations" class="OpenFGA\Laravel\Tests\Integration\OpenFgaIntegrationTest" classname="OpenFGA.Laravel.Tests.Integration.OpenFgaIntegrationTest" assertions="0" time="0.009931">
          <error type="RuntimeException">List operationsRuntimeException: Store ID or Model ID is not set
at src/Testing/IntegrationTestCase.php:426
at tests/Integration/OpenFgaIntegrationTest.php:191
at src/Testing/IntegrationTestCase.php:595
at tests/Integration/OpenFgaIntegrationTest.php:183</error>
        </testcase>
        <testcase name="Organization membership" file="Open Fga Integration (OpenFGA\Laravel\Tests\Integration\OpenFgaIntegration)::Organization membership" class="OpenFGA\Laravel\Tests\Integration\OpenFgaIntegrationTest" classname="OpenFGA.Laravel.Tests.Integration.OpenFgaIntegrationTest" assertions="0" time="0.011930">
          <error type="RuntimeException">Organization membershipRuntimeException: Store ID or Model ID is not set
at src/Testing/IntegrationTestCase.php:426
at tests/Integration/OpenFgaIntegrationTest.php:209
at src/Testing/IntegrationTestCase.php:595
at tests/Integration/OpenFgaIntegrationTest.php:203</error>
        </testcase>
        <testcase name="Performance benchmarks" file="Open Fga Integration (OpenFGA\Laravel\Tests\Integration\OpenFgaIntegration)::Performance benchmarks" class="OpenFGA\Laravel\Tests\Integration\OpenFgaIntegrationTest" classname="OpenFGA.Laravel.Tests.Integration.OpenFgaIntegrationTest" assertions="0" time="0.011384">
          <error type="RuntimeException">Performance benchmarksRuntimeException: Store ID or Model ID is not set
at src/Testing/IntegrationTestCase.php:426
at tests/Integration/OpenFgaIntegrationTest.php:224
at src/Testing/IntegrationTestCase.php:595
at tests/Integration/OpenFgaIntegrationTest.php:219</error>
        </testcase>
        <testcase name="Permission inheritance" file="Open Fga Integration (OpenFGA\Laravel\Tests\Integration\OpenFgaIntegration)::Permission inheritance" class="OpenFGA\Laravel\Tests\Integration\OpenFgaIntegrationTest" classname="OpenFGA.Laravel.Tests.Integration.OpenFgaIntegrationTest" assertions="0" time="0.010721">
          <error type="RuntimeException">Permission inheritanceRuntimeException: Store ID or Model ID is not set
at src/Testing/IntegrationTestCase.php:426
at src/Testing/IntegrationTestHelpers.php:81
at tests/Integration/OpenFgaIntegrationTest.php:284
at src/Testing/IntegrationTestCase.php:595
at tests/Integration/OpenFgaIntegrationTest.php:279</error>
        </testcase>
        <testcase name="Permission lifecycle" file="Open Fga Integration (OpenFGA\Laravel\Tests\Integration\OpenFgaIntegration)::Permission lifecycle" class="OpenFGA\Laravel\Tests\Integration\OpenFgaIntegrationTest" classname="OpenFGA.Laravel.Tests.Integration.OpenFgaIntegrationTest" assertions="0" time="0.010386">
          <error type="RuntimeException">Permission lifecycleRuntimeException: Store ID or Model ID is not set
at src/Testing/IntegrationTestCase.php:426
at src/Testing/IntegrationTestHelpers.php:319
at tests/Integration/OpenFgaIntegrationTest.php:301
at src/Testing/IntegrationTestCase.php:595
at tests/Integration/OpenFgaIntegrationTest.php:291</error>
        </testcase>
        <testcase name="Store isolation" file="Open Fga Integration (OpenFGA\Laravel\Tests\Integration\OpenFgaIntegration)::Store isolation" class="OpenFGA\Laravel\Tests\Integration\OpenFgaIntegrationTest" classname="OpenFGA.Laravel.Tests.Integration.OpenFgaIntegrationTest" assertions="0" time="0.012227">
          <error type="Error">Store isolationError: Class "OpenFGA\Laravel\Testing\Config" not found
at src/Testing/IntegrationTestHelpers.php:349
at tests/Integration/OpenFgaIntegrationTest.php:310</error>
        </testcase>
      </testsuite>
      <testsuite name="OpenFGA\Laravel\Tests\Integration\PerformanceTestingTest" file="Performance Testing (OpenFGA\Laravel\Tests\Integration\PerformanceTesting)" tests="10" assertions="26" errors="0" failures="0" skipped="0" time="0.237014">
        <testcase name="Assert faster than" file="Performance Testing (OpenFGA\Laravel\Tests\Integration\PerformanceTesting)::Assert faster than" class="OpenFGA\Laravel\Tests\Integration\PerformanceTestingTest" classname="OpenFGA.Laravel.Tests.Integration.PerformanceTestingTest" assertions="1" time="0.029038"/>
        <testcase name="Batch operations performance" file="Performance Testing (OpenFGA\Laravel\Tests\Integration\PerformanceTesting)::Batch operations performance" class="OpenFGA\Laravel\Tests\Integration\PerformanceTestingTest" classname="OpenFGA.Laravel.Tests.Integration.PerformanceTestingTest" assertions="4" time="0.024474"/>
        <testcase name="Comparing single vs batch checks" file="Performance Testing (OpenFGA\Laravel\Tests\Integration\PerformanceTesting)::Comparing single vs batch checks" class="OpenFGA\Laravel\Tests\Integration\PerformanceTestingTest" classname="OpenFGA.Laravel.Tests.Integration.PerformanceTestingTest" assertions="2" time="0.024920"/>
        <testcase name="Detailed performance report" file="Performance Testing (OpenFGA\Laravel\Tests\Integration\PerformanceTesting)::Detailed performance report" class="OpenFGA\Laravel\Tests\Integration\PerformanceTestingTest" classname="OpenFGA.Laravel.Tests.Integration.PerformanceTestingTest" assertions="5" time="0.023671"/>
        <testcase name="Memory usage assertion" file="Performance Testing (OpenFGA\Laravel\Tests\Integration\PerformanceTesting)::Memory usage assertion" class="OpenFGA\Laravel\Tests\Integration\PerformanceTestingTest" classname="OpenFGA.Laravel.Tests.Integration.PerformanceTestingTest" assertions="1" time="0.021918"/>
        <testcase name="Performance metrics collection" file="Performance Testing (OpenFGA\Laravel\Tests\Integration\PerformanceTesting)::Performance metrics collection" class="OpenFGA\Laravel\Tests\Integration\PerformanceTestingTest" classname="OpenFGA.Laravel.Tests.Integration.PerformanceTestingTest" assertions="5" time="0.022057"/>
        <testcase name="Performance scaling with data size" file="Performance Testing (OpenFGA\Laravel\Tests\Integration\PerformanceTesting)::Performance scaling with data size" class="OpenFGA\Laravel\Tests\Integration\PerformanceTestingTest" classname="OpenFGA.Laravel.Tests.Integration.PerformanceTestingTest" assertions="2" time="0.022441"/>
        <testcase name="Performance within baseline" file="Performance Testing (OpenFGA\Laravel\Tests\Integration\PerformanceTesting)::Performance within baseline" class="OpenFGA\Laravel\Tests\Integration\PerformanceTestingTest" classname="OpenFGA.Laravel.Tests.Integration.PerformanceTestingTest" assertions="1" time="0.022065"/>
        <testcase name="Permission check completes within time limit" file="Performance Testing (OpenFGA\Laravel\Tests\Integration\PerformanceTesting)::Permission check completes within time limit" class="OpenFGA\Laravel\Tests\Integration\PerformanceTestingTest" classname="OpenFGA.Laravel.Tests.Integration.PerformanceTestingTest" assertions="1" time="0.023845"/>
        <testcase name="Single permission check performance" file="Performance Testing (OpenFGA\Laravel\Tests\Integration\PerformanceTesting)::Single permission check performance" class="OpenFGA\Laravel\Tests\Integration\PerformanceTestingTest" classname="OpenFGA.Laravel.Tests.Integration.PerformanceTestingTest" assertions="4" time="0.022584"/>
      </testsuite>
      <testsuite name="OpenFGA\Laravel\Tests\Integration\SnapshotTestingTest" file="Snapshot Testing (OpenFGA\Laravel\Tests\Integration\SnapshotTesting)" tests="7" assertions="9" errors="0" failures="0" skipped="0" time="0.168888">
        <testcase name="Basic permission snapshot" file="Snapshot Testing (OpenFGA\Laravel\Tests\Integration\SnapshotTesting)::Basic permission snapshot" class="OpenFGA\Laravel\Tests\Integration\SnapshotTestingTest" classname="OpenFGA.Laravel.Tests.Integration.SnapshotTestingTest" assertions="1" time="0.029052"/>
        <testcase name="Comparing snapshots" file="Snapshot Testing (OpenFGA\Laravel\Tests\Integration\SnapshotTesting)::Comparing snapshots" class="OpenFGA\Laravel\Tests\Integration\SnapshotTestingTest" classname="OpenFGA.Laravel.Tests.Integration.SnapshotTestingTest" assertions="2" time="0.023464"/>
        <testcase name="Complex scenario snapshot" file="Snapshot Testing (OpenFGA\Laravel\Tests\Integration\SnapshotTesting)::Complex scenario snapshot" class="OpenFGA\Laravel\Tests\Integration\SnapshotTestingTest" classname="OpenFGA.Laravel.Tests.Integration.SnapshotTestingTest" assertions="1" time="0.025502"/>
        <testcase name="Object relationships snapshot" file="Snapshot Testing (OpenFGA\Laravel\Tests\Integration\SnapshotTesting)::Object relationships snapshot" class="OpenFGA\Laravel\Tests\Integration\SnapshotTestingTest" classname="OpenFGA.Laravel.Tests.Integration.SnapshotTestingTest" assertions="1" time="0.023324"/>
        <testcase name="Permission matrix snapshot" file="Snapshot Testing (OpenFGA\Laravel\Tests\Integration\SnapshotTesting)::Permission matrix snapshot" class="OpenFGA\Laravel\Tests\Integration\SnapshotTestingTest" classname="OpenFGA.Laravel.Tests.Integration.SnapshotTestingTest" assertions="1" time="0.023624"/>
        <testcase name="Snapshot detects permission changes" file="Snapshot Testing (OpenFGA\Laravel\Tests\Integration\SnapshotTesting)::Snapshot detects permission changes" class="OpenFGA\Laravel\Tests\Integration\SnapshotTestingTest" classname="OpenFGA.Laravel.Tests.Integration.SnapshotTestingTest" assertions="1" time="0.020783"/>
        <testcase name="Updating snapshots" file="Snapshot Testing (OpenFGA\Laravel\Tests\Integration\SnapshotTesting)::Updating snapshots" class="OpenFGA\Laravel\Tests\Integration\SnapshotTestingTest" classname="OpenFGA.Laravel.Tests.Integration.SnapshotTestingTest" assertions="2" time="0.023139"/>
      </testsuite>
      <testsuite name="OpenFGA\Laravel\Tests\Integration\SpatieCompatibilityTest" file="Spatie Compatibility (OpenFGA\Laravel\Tests\Integration\SpatieCompatibility)" tests="18" assertions="21" errors="0" failures="0" skipped="0" time="0.448392">
        <testcase name="Assign role works" file="Spatie Compatibility (OpenFGA\Laravel\Tests\Integration\SpatieCompatibility)::Assign role works" class="OpenFGA\Laravel\Tests\Integration\SpatieCompatibilityTest" classname="OpenFGA.Laravel.Tests.Integration.SpatieCompatibilityTest" assertions="1" time="0.025520"/>
        <testcase name="Context parameter works" file="Spatie Compatibility (OpenFGA\Laravel\Tests\Integration\SpatieCompatibility)::Context parameter works" class="OpenFGA\Laravel\Tests\Integration\SpatieCompatibilityTest" classname="OpenFGA.Laravel.Tests.Integration.SpatieCompatibilityTest" assertions="2" time="0.020860"/>
        <testcase name="Get all permissions works" file="Spatie Compatibility (OpenFGA\Laravel\Tests\Integration\SpatieCompatibility)::Get all permissions works" class="OpenFGA\Laravel\Tests\Integration\SpatieCompatibilityTest" classname="OpenFGA.Laravel.Tests.Integration.SpatieCompatibilityTest" assertions="1" time="0.020994"/>
        <testcase name="Get role names works" file="Spatie Compatibility (OpenFGA\Laravel\Tests\Integration\SpatieCompatibility)::Get role names works" class="OpenFGA\Laravel\Tests\Integration\SpatieCompatibilityTest" classname="OpenFGA.Laravel.Tests.Integration.SpatieCompatibilityTest" assertions="1" time="0.024416"/>
        <testcase name="Give permission to works" file="Spatie Compatibility (OpenFGA\Laravel\Tests\Integration\SpatieCompatibility)::Give permission to works" class="OpenFGA\Laravel\Tests\Integration\SpatieCompatibilityTest" classname="OpenFGA.Laravel.Tests.Integration.SpatieCompatibilityTest" assertions="1" time="0.025105"/>
        <testcase name="Has all permissions works" file="Spatie Compatibility (OpenFGA\Laravel\Tests\Integration\SpatieCompatibility)::Has all permissions works" class="OpenFGA\Laravel\Tests\Integration\SpatieCompatibilityTest" classname="OpenFGA.Laravel.Tests.Integration.SpatieCompatibilityTest" assertions="1" time="0.025375"/>
        <testcase name="Has all roles works" file="Spatie Compatibility (OpenFGA\Laravel\Tests\Integration\SpatieCompatibility)::Has all roles works" class="OpenFGA\Laravel\Tests\Integration\SpatieCompatibilityTest" classname="OpenFGA.Laravel.Tests.Integration.SpatieCompatibilityTest" assertions="1" time="0.025916"/>
        <testcase name="Has any permission works" file="Spatie Compatibility (OpenFGA\Laravel\Tests\Integration\SpatieCompatibility)::Has any permission works" class="OpenFGA\Laravel\Tests\Integration\SpatieCompatibilityTest" classname="OpenFGA.Laravel.Tests.Integration.SpatieCompatibilityTest" assertions="1" time="0.023104"/>
        <testcase name="Has any role works" file="Spatie Compatibility (OpenFGA\Laravel\Tests\Integration\SpatieCompatibility)::Has any role works" class="OpenFGA\Laravel\Tests\Integration\SpatieCompatibilityTest" classname="OpenFGA.Laravel.Tests.Integration.SpatieCompatibilityTest" assertions="1" time="0.023073"/>
        <testcase name="Has permission to works" file="Spatie Compatibility (OpenFGA\Laravel\Tests\Integration\SpatieCompatibility)::Has permission to works" class="OpenFGA\Laravel\Tests\Integration\SpatieCompatibilityTest" classname="OpenFGA.Laravel.Tests.Integration.SpatieCompatibilityTest" assertions="1" time="0.023460"/>
        <testcase name="Has role works" file="Spatie Compatibility (OpenFGA\Laravel\Tests\Integration\SpatieCompatibility)::Has role works" class="OpenFGA\Laravel\Tests\Integration\SpatieCompatibilityTest" classname="OpenFGA.Laravel.Tests.Integration.SpatieCompatibilityTest" assertions="1" time="0.024522"/>
        <testcase name="Model context works" file="Spatie Compatibility (OpenFGA\Laravel\Tests\Integration\SpatieCompatibility)::Model context works" class="OpenFGA\Laravel\Tests\Integration\SpatieCompatibilityTest" classname="OpenFGA.Laravel.Tests.Integration.SpatieCompatibilityTest" assertions="1" time="0.025370"/>
        <testcase name="Permission inference works" file="Spatie Compatibility (OpenFGA\Laravel\Tests\Integration\SpatieCompatibility)::Permission inference works" class="OpenFGA\Laravel\Tests\Integration\SpatieCompatibilityTest" classname="OpenFGA.Laravel.Tests.Integration.SpatieCompatibilityTest" assertions="1" time="0.023338"/>
        <testcase name="Permission mapping works" file="Spatie Compatibility (OpenFGA\Laravel\Tests\Integration\SpatieCompatibility)::Permission mapping works" class="OpenFGA\Laravel\Tests\Integration\SpatieCompatibilityTest" classname="OpenFGA.Laravel.Tests.Integration.SpatieCompatibilityTest" assertions="1" time="0.026962"/>
        <testcase name="Remove role works" file="Spatie Compatibility (OpenFGA\Laravel\Tests\Integration\SpatieCompatibility)::Remove role works" class="OpenFGA\Laravel\Tests\Integration\SpatieCompatibilityTest" classname="OpenFGA.Laravel.Tests.Integration.SpatieCompatibilityTest" assertions="1" time="0.025855"/>
        <testcase name="Revoke permission to works" file="Spatie Compatibility (OpenFGA\Laravel\Tests\Integration\SpatieCompatibility)::Revoke permission to works" class="OpenFGA\Laravel\Tests\Integration\SpatieCompatibilityTest" classname="OpenFGA.Laravel.Tests.Integration.SpatieCompatibilityTest" assertions="1" time="0.026384"/>
        <testcase name="Role mapping works" file="Spatie Compatibility (OpenFGA\Laravel\Tests\Integration\SpatieCompatibility)::Role mapping works" class="OpenFGA\Laravel\Tests\Integration\SpatieCompatibilityTest" classname="OpenFGA.Laravel.Tests.Integration.SpatieCompatibilityTest" assertions="1" time="0.025979"/>
        <testcase name="Sync roles works" file="Spatie Compatibility (OpenFGA\Laravel\Tests\Integration\SpatieCompatibility)::Sync roles works" class="OpenFGA\Laravel\Tests\Integration\SpatieCompatibilityTest" classname="OpenFGA.Laravel.Tests.Integration.SpatieCompatibilityTest" assertions="3" time="0.032159"/>
      </testsuite>
      <testsuite name="OpenFGA\Laravel\Tests\Integration\StoreAndAuditCommandsTest" file="Store And Audit Commands (OpenFGA\Laravel\Tests\Integration\StoreAndAuditCommands)" tests="13" assertions="41" errors="0" failures="0" skipped="0" time="0.383088">
        <testcase name="Analyze permissions command all options" file="Store And Audit Commands (OpenFGA\Laravel\Tests\Integration\StoreAndAuditCommands)::Analyze permissions command all options" class="OpenFGA\Laravel\Tests\Integration\StoreAndAuditCommandsTest" classname="OpenFGA.Laravel.Tests.Integration.StoreAndAuditCommandsTest" assertions="5" time="0.039714"/>
        <testcase name="Analyze permissions command default" file="Store And Audit Commands (OpenFGA\Laravel\Tests\Integration\StoreAndAuditCommands)::Analyze permissions command default" class="OpenFGA\Laravel\Tests\Integration\StoreAndAuditCommandsTest" classname="OpenFGA.Laravel.Tests.Integration.StoreAndAuditCommandsTest" assertions="5" time="0.027733"/>
        <testcase name="Analyze permissions command find conflicts" file="Store And Audit Commands (OpenFGA\Laravel\Tests\Integration\StoreAndAuditCommands)::Analyze permissions command find conflicts" class="OpenFGA\Laravel\Tests\Integration\StoreAndAuditCommandsTest" classname="OpenFGA.Laravel.Tests.Integration.StoreAndAuditCommandsTest" assertions="3" time="0.027070"/>
        <testcase name="Analyze permissions command optimize" file="Store And Audit Commands (OpenFGA\Laravel\Tests\Integration\StoreAndAuditCommands)::Analyze permissions command optimize" class="OpenFGA\Laravel\Tests\Integration\StoreAndAuditCommandsTest" classname="OpenFGA.Laravel.Tests.Integration.StoreAndAuditCommandsTest" assertions="3" time="0.032500"/>
        <testcase name="Analyze permissions command show paths" file="Store And Audit Commands (OpenFGA\Laravel\Tests\Integration\StoreAndAuditCommands)::Analyze permissions command show paths" class="OpenFGA\Laravel\Tests\Integration\StoreAndAuditCommandsTest" classname="OpenFGA.Laravel.Tests.Integration.StoreAndAuditCommandsTest" assertions="3" time="0.029012"/>
        <testcase name="Audit permissions command for object" file="Store And Audit Commands (OpenFGA\Laravel\Tests\Integration\StoreAndAuditCommands)::Audit permissions command for object" class="OpenFGA\Laravel\Tests\Integration\StoreAndAuditCommandsTest" classname="OpenFGA.Laravel.Tests.Integration.StoreAndAuditCommandsTest" assertions="2" time="0.029382"/>
        <testcase name="Audit permissions command for user" file="Store And Audit Commands (OpenFGA\Laravel\Tests\Integration\StoreAndAuditCommands)::Audit permissions command for user" class="OpenFGA\Laravel\Tests\Integration\StoreAndAuditCommandsTest" classname="OpenFGA.Laravel.Tests.Integration.StoreAndAuditCommandsTest" assertions="4" time="0.027660"/>
        <testcase name="Audit permissions command general" file="Store And Audit Commands (OpenFGA\Laravel\Tests\Integration\StoreAndAuditCommands)::Audit permissions command general" class="OpenFGA\Laravel\Tests\Integration\StoreAndAuditCommandsTest" classname="OpenFGA.Laravel.Tests.Integration.StoreAndAuditCommandsTest" assertions="3" time="0.030216"/>
        <testcase name="Audit permissions command with export csv" file="Store And Audit Commands (OpenFGA\Laravel\Tests\Integration\StoreAndAuditCommands)::Audit permissions command with export csv" class="OpenFGA\Laravel\Tests\Integration\StoreAndAuditCommandsTest" classname="OpenFGA.Laravel.Tests.Integration.StoreAndAuditCommandsTest" assertions="2" time="0.029086"/>
        <testcase name="Audit permissions command with export json" file="Store And Audit Commands (OpenFGA\Laravel\Tests\Integration\StoreAndAuditCommands)::Audit permissions command with export json" class="OpenFGA\Laravel\Tests\Integration\StoreAndAuditCommandsTest" classname="OpenFGA.Laravel.Tests.Integration.StoreAndAuditCommandsTest" assertions="2" time="0.029107"/>
        <testcase name="Store create command" file="Store And Audit Commands (OpenFGA\Laravel\Tests\Integration\StoreAndAuditCommands)::Store create command" class="OpenFGA\Laravel\Tests\Integration\StoreAndAuditCommandsTest" classname="OpenFGA.Laravel.Tests.Integration.StoreAndAuditCommandsTest" assertions="5" time="0.024759"/>
        <testcase name="Store create command with invalid model" file="Store And Audit Commands (OpenFGA\Laravel\Tests\Integration\StoreAndAuditCommands)::Store create command with invalid model" class="OpenFGA\Laravel\Tests\Integration\StoreAndAuditCommandsTest" classname="OpenFGA.Laravel.Tests.Integration.StoreAndAuditCommandsTest" assertions="2" time="0.028029"/>
        <testcase name="Store create command with model" file="Store And Audit Commands (OpenFGA\Laravel\Tests\Integration\StoreAndAuditCommands)::Store create command with model" class="OpenFGA\Laravel\Tests\Integration\StoreAndAuditCommandsTest" classname="OpenFGA.Laravel.Tests.Integration.StoreAndAuditCommandsTest" assertions="2" time="0.028821"/>
      </testsuite>
      <testsuite name="OpenFGA\Laravel\Tests\Integration\WebhookTest" file="Webhook (OpenFGA\Laravel\Tests\Integration\Webhook)" tests="8" assertions="15" errors="0" failures="0" skipped="0" time="0.225326">
        <testcase name="Webhook command list" file="Webhook (OpenFGA\Laravel\Tests\Integration\Webhook)::Webhook command list" class="OpenFGA\Laravel\Tests\Integration\WebhookTest" classname="OpenFGA.Laravel.Tests.Integration.WebhookTest" assertions="1" time="0.038169"/>
        <testcase name="Webhook command test" file="Webhook (OpenFGA\Laravel\Tests\Integration\Webhook)::Webhook command test" class="OpenFGA\Laravel\Tests\Integration\WebhookTest" classname="OpenFGA.Laravel.Tests.Integration.WebhookTest" assertions="3" time="0.035985"/>
        <testcase name="Webhook enable disable" file="Webhook (OpenFGA\Laravel\Tests\Integration\Webhook)::Webhook enable disable" class="OpenFGA\Laravel\Tests\Integration\WebhookTest" classname="OpenFGA.Laravel.Tests.Integration.WebhookTest" assertions="2" time="0.025409"/>
        <testcase name="Webhook filters by event type" file="Webhook (OpenFGA\Laravel\Tests\Integration\Webhook)::Webhook filters by event type" class="OpenFGA\Laravel\Tests\Integration\WebhookTest" classname="OpenFGA.Laravel.Tests.Integration.WebhookTest" assertions="1" time="0.025078"/>
        <testcase name="Webhook listener integration" file="Webhook (OpenFGA\Laravel\Tests\Integration\Webhook)::Webhook listener integration" class="OpenFGA\Laravel\Tests\Integration\WebhookTest" classname="OpenFGA.Laravel.Tests.Integration.WebhookTest" assertions="1" time="0.024407"/>
        <testcase name="Webhook notification sent" file="Webhook (OpenFGA\Laravel\Tests\Integration\Webhook)::Webhook notification sent" class="OpenFGA\Laravel\Tests\Integration\WebhookTest" classname="OpenFGA.Laravel.Tests.Integration.WebhookTest" assertions="1" time="0.026465"/>
        <testcase name="Webhook registration" file="Webhook (OpenFGA\Laravel\Tests\Integration\Webhook)::Webhook registration" class="OpenFGA\Laravel\Tests\Integration\WebhookTest" classname="OpenFGA.Laravel.Tests.Integration.WebhookTest" assertions="4" time="0.024478"/>
        <testcase name="Webhook unregister" file="Webhook (OpenFGA\Laravel\Tests\Integration\Webhook)::Webhook unregister" class="OpenFGA\Laravel\Tests\Integration\WebhookTest" classname="OpenFGA.Laravel.Tests.Integration.WebhookTest" assertions="2" time="0.025334"/>
      </testsuite>
    </testsuite>
  </testsuite>
</testsuites>
